c:\users\mecha\desktop\sportska udruga vsmti\x64\debug\vc142.pdb
c:\users\mecha\desktop\sportska udruga vsmti\x64\debug\vc142.idb
c:\users\mecha\desktop\sportska udruga vsmti\x64\debug\tinyxml2.obj
c:\users\mecha\desktop\sportska udruga vsmti\x64\debug\tajnik.obj
c:\users\mecha\desktop\sportska udruga vsmti\x64\debug\sportska udruga vsmti.obj
c:\users\mecha\desktop\sportska udruga vsmti\x64\debug\sport.obj
c:\users\mecha\desktop\sportska udruga vsmti\x64\debug\predsjednik.obj
c:\users\mecha\desktop\sportska udruga vsmti\x64\debug\podpredsjednik.obj
c:\users\mecha\desktop\sportska udruga vsmti\x64\debug\osoba.obj
c:\users\mecha\desktop\sportska udruga vsmti\x64\debug\likvidator.obj
c:\users\mecha\desktop\sportska udruga vsmti\x64\debug\funkcija.obj
c:\users\mecha\desktop\sportska udruga vsmti\x64\debug\clan.obj
c:\users\mecha\desktop\sportska udruga vsmti\x64\debug\sportska udruga vsmti.res
c:\users\mecha\desktop\sportska udruga vsmti\x64\debug\sportska udruga vsmti.ilk
c:\users\mecha\desktop\sportska udruga vsmti\x64\debug\sportska udruga vsmti.pdb
c:\users\mecha\desktop\sportska udruga vsmti\x64\debug\sportska udruga vsmti.exe
c:\users\mecha\desktop\sportska udruga vsmti\x64\debug\sportska.ad1ed536.tlog\cl.command.1.tlog
c:\users\mecha\desktop\sportska udruga vsmti\x64\debug\sportska.ad1ed536.tlog\cl.read.1.tlog
c:\users\mecha\desktop\sportska udruga vsmti\x64\debug\sportska.ad1ed536.tlog\cl.write.1.tlog
c:\users\mecha\desktop\sportska udruga vsmti\x64\debug\sportska.ad1ed536.tlog\link.command.1.tlog
c:\users\mecha\desktop\sportska udruga vsmti\x64\debug\sportska.ad1ed536.tlog\link.read.1.tlog
c:\users\mecha\desktop\sportska udruga vsmti\x64\debug\sportska.ad1ed536.tlog\link.write.1.tlog
c:\users\mecha\desktop\sportska udruga vsmti\x64\debug\sportska.ad1ed536.tlog\rc.command.1.tlog
c:\users\mecha\desktop\sportska udruga vsmti\x64\debug\sportska.ad1ed536.tlog\rc.read.1.tlog
c:\users\mecha\desktop\sportska udruga vsmti\x64\debug\sportska.ad1ed536.tlog\rc.write.1.tlog
